[debug] [2017-12-15T13:13:54.830Z] ----------------------------------------------------------------------
[debug] [2017-12-15T13:13:54.833Z] Command:       /usr/local/bin/node /usr/local/bin/firebase serve --only functions,hosting
[debug] [2017-12-15T13:13:54.834Z] CLI Version:   3.15.4
[debug] [2017-12-15T13:13:54.834Z] Platform:      darwin
[debug] [2017-12-15T13:13:54.834Z] Node Version:  v6.11.4
[debug] [2017-12-15T13:13:54.835Z] Time:          Fri Dec 15 2017 16:13:54 GMT+0300 (+03)
[debug] [2017-12-15T13:13:54.835Z] ----------------------------------------------------------------------
[debug] 
[debug] [2017-12-15T13:13:54.858Z] > command requires scopes: ["email","openid","https://www.googleapis.com/auth/cloudplatformprojects.readonly","https://www.googleapis.com/auth/firebase","https://www.googleapis.com/auth/cloud-platform"]
[debug] [2017-12-15T13:13:54.858Z] > authorizing via signed-in user
[debug] [2017-12-15T13:13:54.861Z] >>> HTTP REQUEST GET https://admin.firebase.com/v1/projects/hesapci-6e9c0  
 Fri Dec 15 2017 16:13:54 GMT+0300 (+03)
[debug] [2017-12-15T13:13:56.426Z] <<< HTTP RESPONSE 200
[debug] [2017-12-15T13:13:56.428Z] >>> HTTP REQUEST GET https://admin.firebase.com/v1/database/hesapci-6e9c0/tokens  
 Fri Dec 15 2017 16:13:56 GMT+0300 (+03)
[debug] [2017-12-15T13:13:57.498Z] <<< HTTP RESPONSE 200
[info] 
[info] === Serving from '/Users/user/Desktop/olaylar'...
[info] 
[info] i  functions: Preparing to emulate functions.
[debug] [2017-12-15T13:13:57.964Z] >>> HTTP REQUEST GET https://appengine.googleapis.com/v1/apps/hesapci-6e9c0  
 Fri Dec 15 2017 16:13:57 GMT+0300 (+03)
[debug] [2017-12-15T13:13:57.965Z] >>> HTTP REQUEST GET https://apikeys.googleapis.com/v1/projects/hesapci-6e9c0/apiKeys  
 Fri Dec 15 2017 16:13:57 GMT+0300 (+03)
[debug] [2017-12-15T13:13:57.965Z] >>> HTTP REQUEST GET https://cloudresourcemanager.googleapis.com/v1/projects/hesapci-6e9c0  
 Fri Dec 15 2017 16:13:57 GMT+0300 (+03)
[debug] [2017-12-15T13:13:59.175Z] <<< HTTP RESPONSE 200
[debug] [2017-12-15T13:13:59.177Z] <<< HTTP RESPONSE 200
[debug] [2017-12-15T13:13:59.178Z] >>> HTTP REQUEST GET https://mobilesdk-pa.googleapis.com/v1/projects/353952758700/clients/_:getWebAppConfig  
 Fri Dec 15 2017 16:13:59 GMT+0300 (+03)
[debug] [2017-12-15T13:13:59.356Z] <<< HTTP RESPONSE 200
[debug] [2017-12-15T13:14:00.114Z] <<< HTTP RESPONSE 200
[info] i  hosting: Serving hosting files from: public
[info] ✔  hosting: Local server: http://localhost:5000

[info] ✔  functions: app: http://localhost:5001/hesapci-6e9c0/us-central1/app
[info] [hosting] Rewriting /?token=-L0O46OJaEemwipUIM9O to local function app
[info] [hosting] Rewriting /assets/js/jquery.min.map to local function app
[info] [hosting] Rewriting /?token=-L0O46OJaEemwipUIM9O to local function app
[info] [hosting] Rewriting /assets/js/jquery.min.map to local function app
[info] [hosting] Rewriting /?token=-L0O46OJaEemwipUIM9O to local function app
[info] [hosting] Rewriting /assets/js/jquery.min.map to local function app
[info] [hosting] Rewriting /?token=-L0O46OJaEemwipUIM9O to local function app
[info] [hosting] Rewriting /assets/js/jquery.min.map to local function app
[info] [hosting] Rewriting /assets/js/jquery.min.map to local function app
[info] [hosting] Rewriting /siparis?token=-L0O46OJaEemwipUIM9O to local function app
[info] [hosting] Rewriting /assets/js/jquery.min.map to local function app
[info] [hosting] Rewriting /siparis?token=-L0O46OJaEemwipUIM9O to local function app
[info] [hosting] Rewriting /assets/js/jquery.min.map to local function app
[info] [hosting] Rewriting /?token=-L0O46OJaEemwipUIM9O to local function app
[info] [hosting] Rewriting /assets/js/jquery.min.map to local function app
[info] [hosting] Rewriting /siparis?token=-L0O46OJaEemwipUIM9O to local function app
[info] [hosting] Rewriting /assets/js/jquery.min.map to local function app
[info] [hosting] Rewriting /siparis?token=-L0O46OJaEemwipUIM9O to local function app
[info] [hosting] Rewriting /assets/js/jquery.min.map to local function app
[info] [hosting] Rewriting /assets/plugins/datatables/pdfmake.min.js.map to local function app
[info] [hosting] Rewriting /siparis?token=-L0O46OJaEemwipUIM9O to local function app
[info] [hosting] Rewriting /assets/js/jquery.min.map to local function app
[info] [hosting] Rewriting /assets/plugins/datatables/pdfmake.min.js.map to local function app
[info] [hosting] Rewriting /siparis?token=-L0O46OJaEemwipUIM9O to local function app
[info] [hosting] Rewriting /assets/js/jquery.min.map to local function app
[info] [hosting] Rewriting /assets/plugins/datatables/pdfmake.min.js.map to local function app
[info] [hosting] Rewriting /siparis?token=-L0O46OJaEemwipUIM9O to local function app
